{"uid":"562ca16162b908a2","name":"test_import_data_from_file","fullName":"Test_Conduit.test_conduit.TestConduit#test_import_data_from_file","historyId":"731b9e21d46ea114b3460b3ac8e7b757","time":{"start":1654676866225,"stop":1654676904761,"duration":38536},"status":"broken","statusMessage":"selenium.common.exceptions.TimeoutException: Message:","statusTrace":"self = <test_conduit.TestConduit object at 0x7f27a7e331f0>\n\n    def test_import_data_from_file(self):\n        login(self.browser, test_data['valid_email'], test_data['valid_password'])\n        with open('Test_Conduit/article.csv', 'r') as f:\n            csv_reader = csv.reader(f)\n            for row in csv_reader:\n>               publish_article(self.browser, row[0], row[1], row[2], row[3])\n\nTest_Conduit/test_conduit.py:80: \n_ _ _ _ _ _ _ _ _ _ _ _ _ _ _ _ _ _ _ _ _ _ _ _ _ _ _ _ _ _ _ _ _ _ _ _ _ _ _ _ \nTest_Conduit/functions.py:50: in publish_article\n    new_article_btn = WebDriverWait(browser, 10).until(\n_ _ _ _ _ _ _ _ _ _ _ _ _ _ _ _ _ _ _ _ _ _ _ _ _ _ _ _ _ _ _ _ _ _ _ _ _ _ _ _ \n\nself = <selenium.webdriver.support.wait.WebDriverWait (session=\"31592fa11ae1defa23da765c2f6150b1\")>\nmethod = <selenium.webdriver.support.expected_conditions.presence_of_element_located object at 0x7f27a7c9abe0>\nmessage = ''\n\n    def until(self, method, message=''):\n        \"\"\"Calls the method provided with the driver as an argument until the \\\n        return value is not False.\"\"\"\n        screen = None\n        stacktrace = None\n    \n        end_time = time.time() + self._timeout\n        while True:\n            try:\n                value = method(self._driver)\n                if value:\n                    return value\n            except self._ignored_exceptions as exc:\n                screen = getattr(exc, 'screen', None)\n                stacktrace = getattr(exc, 'stacktrace', None)\n            time.sleep(self._poll)\n            if time.time() > end_time:\n                break\n>       raise TimeoutException(message, screen, stacktrace)\nE       selenium.common.exceptions.TimeoutException: Message:\n\n/opt/hostedtoolcache/Python/3.9.5/x64/lib/python3.9/site-packages/selenium/webdriver/support/wait.py:80: TimeoutException","flaky":false,"newFailed":false,"newBroken":false,"newPassed":false,"retriesCount":0,"retriesStatusChange":false,"beforeStages":[{"name":"_xunit_setup_method_fixture_TestConduit","time":{"start":1654676864649,"stop":1654676866224,"duration":1575},"status":"passed","steps":[],"attachments":[],"parameters":[],"stepsCount":0,"attachmentsCount":0,"shouldDisplayMessage":false,"hasContent":false}],"testStage":{"status":"broken","statusMessage":"selenium.common.exceptions.TimeoutException: Message:","statusTrace":"self = <test_conduit.TestConduit object at 0x7f27a7e331f0>\n\n    def test_import_data_from_file(self):\n        login(self.browser, test_data['valid_email'], test_data['valid_password'])\n        with open('Test_Conduit/article.csv', 'r') as f:\n            csv_reader = csv.reader(f)\n            for row in csv_reader:\n>               publish_article(self.browser, row[0], row[1], row[2], row[3])\n\nTest_Conduit/test_conduit.py:80: \n_ _ _ _ _ _ _ _ _ _ _ _ _ _ _ _ _ _ _ _ _ _ _ _ _ _ _ _ _ _ _ _ _ _ _ _ _ _ _ _ \nTest_Conduit/functions.py:50: in publish_article\n    new_article_btn = WebDriverWait(browser, 10).until(\n_ _ _ _ _ _ _ _ _ _ _ _ _ _ _ _ _ _ _ _ _ _ _ _ _ _ _ _ _ _ _ _ _ _ _ _ _ _ _ _ \n\nself = <selenium.webdriver.support.wait.WebDriverWait (session=\"31592fa11ae1defa23da765c2f6150b1\")>\nmethod = <selenium.webdriver.support.expected_conditions.presence_of_element_located object at 0x7f27a7c9abe0>\nmessage = ''\n\n    def until(self, method, message=''):\n        \"\"\"Calls the method provided with the driver as an argument until the \\\n        return value is not False.\"\"\"\n        screen = None\n        stacktrace = None\n    \n        end_time = time.time() + self._timeout\n        while True:\n            try:\n                value = method(self._driver)\n                if value:\n                    return value\n            except self._ignored_exceptions as exc:\n                screen = getattr(exc, 'screen', None)\n                stacktrace = getattr(exc, 'stacktrace', None)\n            time.sleep(self._poll)\n            if time.time() > end_time:\n                break\n>       raise TimeoutException(message, screen, stacktrace)\nE       selenium.common.exceptions.TimeoutException: Message:\n\n/opt/hostedtoolcache/Python/3.9.5/x64/lib/python3.9/site-packages/selenium/webdriver/support/wait.py:80: TimeoutException","steps":[],"attachments":[{"uid":"2e04838af6249058","name":"log","source":"2e04838af6249058.txt","type":"text/plain","size":338},{"uid":"def070787efda07e","name":"stdout","source":"def070787efda07e.txt","type":"text/plain","size":1},{"uid":"c0e0b8271edf4532","name":"stderr","source":"c0e0b8271edf4532.txt","type":"text/plain","size":267}],"parameters":[],"stepsCount":0,"attachmentsCount":3,"shouldDisplayMessage":true,"hasContent":true},"afterStages":[{"name":"_xunit_setup_method_fixture_TestConduit::0","time":{"start":1654676904774,"stop":1654676904831,"duration":57},"status":"passed","steps":[],"attachments":[],"parameters":[],"stepsCount":0,"attachmentsCount":0,"shouldDisplayMessage":false,"hasContent":false}],"labels":[{"name":"parentSuite","value":"Test_Conduit"},{"name":"suite","value":"test_conduit"},{"name":"subSuite","value":"TestConduit"},{"name":"host","value":"fv-az82-486"},{"name":"thread","value":"3013-MainThread"},{"name":"framework","value":"pytest"},{"name":"language","value":"cpython3"},{"name":"package","value":"Test_Conduit.test_conduit"},{"name":"resultFormat","value":"allure2"}],"parameters":[],"links":[],"hidden":false,"retry":false,"extra":{"severity":"normal","retries":[],"categories":[{"name":"Test defects","matchedStatuses":[],"flaky":false}],"tags":[]},"source":"562ca16162b908a2.json","parameterValues":[]}