{"uid":"bde4700617962b74","name":"test_login","fullName":"Test_Conduit.test_conduit.TestConduit#test_login","historyId":"eb8ba55a8fdd7095fdc68be6cbe17d94","time":{"start":1654672506684,"stop":1654672517169,"duration":10485},"status":"broken","statusMessage":"selenium.common.exceptions.TimeoutException: Message:","statusTrace":"self = <test_conduit.TestConduit object at 0x7f01cb449b50>\n\n    def test_login(self):\n        login(self.browser, test_data['valid_email'], test_data['valid_password'])\n>       profile_btn = WebDriverWait(self.browser, 10).until(\n            EC.presence_of_element_located((By.XPATH, '//a[@href=\"#/@hzoltan/\" and @class=\"nav-link\"]')))\n\nTest_Conduit/test_conduit.py:40: \n_ _ _ _ _ _ _ _ _ _ _ _ _ _ _ _ _ _ _ _ _ _ _ _ _ _ _ _ _ _ _ _ _ _ _ _ _ _ _ _ \n\nself = <selenium.webdriver.support.wait.WebDriverWait (session=\"a6469bb727f5eeedd2f0e8ca596fe195\")>\nmethod = <selenium.webdriver.support.expected_conditions.presence_of_element_located object at 0x7f01cacedc10>\nmessage = ''\n\n    def until(self, method, message=''):\n        \"\"\"Calls the method provided with the driver as an argument until the \\\n        return value is not False.\"\"\"\n        screen = None\n        stacktrace = None\n    \n        end_time = time.time() + self._timeout\n        while True:\n            try:\n                value = method(self._driver)\n                if value:\n                    return value\n            except self._ignored_exceptions as exc:\n                screen = getattr(exc, 'screen', None)\n                stacktrace = getattr(exc, 'stacktrace', None)\n            time.sleep(self._poll)\n            if time.time() > end_time:\n                break\n>       raise TimeoutException(message, screen, stacktrace)\nE       selenium.common.exceptions.TimeoutException: Message:\n\n/opt/hostedtoolcache/Python/3.9.5/x64/lib/python3.9/site-packages/selenium/webdriver/support/wait.py:80: TimeoutException","flaky":false,"newFailed":false,"newBroken":false,"newPassed":false,"retriesCount":0,"retriesStatusChange":false,"beforeStages":[{"name":"_xunit_setup_method_fixture_TestConduit","time":{"start":1654672505072,"stop":1654672506683,"duration":1611},"status":"passed","steps":[],"attachments":[],"parameters":[],"stepsCount":0,"attachmentsCount":0,"shouldDisplayMessage":false,"hasContent":false}],"testStage":{"status":"broken","statusMessage":"selenium.common.exceptions.TimeoutException: Message:","statusTrace":"self = <test_conduit.TestConduit object at 0x7f01cb449b50>\n\n    def test_login(self):\n        login(self.browser, test_data['valid_email'], test_data['valid_password'])\n>       profile_btn = WebDriverWait(self.browser, 10).until(\n            EC.presence_of_element_located((By.XPATH, '//a[@href=\"#/@hzoltan/\" and @class=\"nav-link\"]')))\n\nTest_Conduit/test_conduit.py:40: \n_ _ _ _ _ _ _ _ _ _ _ _ _ _ _ _ _ _ _ _ _ _ _ _ _ _ _ _ _ _ _ _ _ _ _ _ _ _ _ _ \n\nself = <selenium.webdriver.support.wait.WebDriverWait (session=\"a6469bb727f5eeedd2f0e8ca596fe195\")>\nmethod = <selenium.webdriver.support.expected_conditions.presence_of_element_located object at 0x7f01cacedc10>\nmessage = ''\n\n    def until(self, method, message=''):\n        \"\"\"Calls the method provided with the driver as an argument until the \\\n        return value is not False.\"\"\"\n        screen = None\n        stacktrace = None\n    \n        end_time = time.time() + self._timeout\n        while True:\n            try:\n                value = method(self._driver)\n                if value:\n                    return value\n            except self._ignored_exceptions as exc:\n                screen = getattr(exc, 'screen', None)\n                stacktrace = getattr(exc, 'stacktrace', None)\n            time.sleep(self._poll)\n            if time.time() > end_time:\n                break\n>       raise TimeoutException(message, screen, stacktrace)\nE       selenium.common.exceptions.TimeoutException: Message:\n\n/opt/hostedtoolcache/Python/3.9.5/x64/lib/python3.9/site-packages/selenium/webdriver/support/wait.py:80: TimeoutException","steps":[],"attachments":[{"uid":"fc33ff753e69a66b","name":"log","source":"fc33ff753e69a66b.txt","type":"text/plain","size":338},{"uid":"7c5e8c42555e41d9","name":"stdout","source":"7c5e8c42555e41d9.txt","type":"text/plain","size":1},{"uid":"501b3ab12c4a15b0","name":"stderr","source":"501b3ab12c4a15b0.txt","type":"text/plain","size":267}],"parameters":[],"stepsCount":0,"attachmentsCount":3,"shouldDisplayMessage":true,"hasContent":true},"afterStages":[{"name":"_xunit_setup_method_fixture_TestConduit::0","time":{"start":1654672517231,"stop":1654672517286,"duration":55},"status":"passed","steps":[],"attachments":[],"parameters":[],"stepsCount":0,"attachmentsCount":0,"shouldDisplayMessage":false,"hasContent":false}],"labels":[{"name":"parentSuite","value":"Test_Conduit"},{"name":"suite","value":"test_conduit"},{"name":"subSuite","value":"TestConduit"},{"name":"host","value":"fv-az296-577"},{"name":"thread","value":"3092-MainThread"},{"name":"framework","value":"pytest"},{"name":"language","value":"cpython3"},{"name":"package","value":"Test_Conduit.test_conduit"},{"name":"resultFormat","value":"allure2"}],"parameters":[],"links":[],"hidden":false,"retry":false,"extra":{"severity":"normal","retries":[],"categories":[{"name":"Test defects","matchedStatuses":[],"flaky":false}],"tags":[]},"source":"bde4700617962b74.json","parameterValues":[]}