{"uid":"78fed6de4e4c50fa","name":"test_create_new_article","fullName":"Test_Conduit.test_conduit.TestConduit#test_create_new_article","historyId":"85f9fe4caf1a7568e9f99618030caffa","time":{"start":1654673020529,"stop":1654673030933,"duration":10404},"status":"broken","statusMessage":"selenium.common.exceptions.TimeoutException: Message:","statusTrace":"self = <test_conduit.TestConduit object at 0x7fe6b4199100>\n\n    def test_create_new_article(self):\n        login(self.browser, test_data['valid_email'], test_data['valid_password'])\n>       publish_article(self.browser, test_data['article_title'], test_data['article_summary'],\n                        test_data['article_text'],\n                        test_data['article_tag'])\n\nTest_Conduit/test_conduit.py:67: \n_ _ _ _ _ _ _ _ _ _ _ _ _ _ _ _ _ _ _ _ _ _ _ _ _ _ _ _ _ _ _ _ _ _ _ _ _ _ _ _ \nTest_Conduit/functions.py:44: in publish_article\n    new_article_btn = WebDriverWait(browser, 10).until(\n_ _ _ _ _ _ _ _ _ _ _ _ _ _ _ _ _ _ _ _ _ _ _ _ _ _ _ _ _ _ _ _ _ _ _ _ _ _ _ _ \n\nself = <selenium.webdriver.support.wait.WebDriverWait (session=\"1bc046ed1855bae23b2390466b68b3de\")>\nmethod = <selenium.webdriver.support.expected_conditions.presence_of_element_located object at 0x7fe6b3a3d640>\nmessage = ''\n\n    def until(self, method, message=''):\n        \"\"\"Calls the method provided with the driver as an argument until the \\\n        return value is not False.\"\"\"\n        screen = None\n        stacktrace = None\n    \n        end_time = time.time() + self._timeout\n        while True:\n            try:\n                value = method(self._driver)\n                if value:\n                    return value\n            except self._ignored_exceptions as exc:\n                screen = getattr(exc, 'screen', None)\n                stacktrace = getattr(exc, 'stacktrace', None)\n            time.sleep(self._poll)\n            if time.time() > end_time:\n                break\n>       raise TimeoutException(message, screen, stacktrace)\nE       selenium.common.exceptions.TimeoutException: Message:\n\n/opt/hostedtoolcache/Python/3.9.5/x64/lib/python3.9/site-packages/selenium/webdriver/support/wait.py:80: TimeoutException","flaky":false,"newFailed":false,"newBroken":false,"newPassed":false,"retriesCount":0,"retriesStatusChange":false,"beforeStages":[{"name":"_xunit_setup_method_fixture_TestConduit","time":{"start":1654673019026,"stop":1654673020528,"duration":1502},"status":"passed","steps":[],"attachments":[],"parameters":[],"stepsCount":0,"attachmentsCount":0,"shouldDisplayMessage":false,"hasContent":false}],"testStage":{"status":"broken","statusMessage":"selenium.common.exceptions.TimeoutException: Message:","statusTrace":"self = <test_conduit.TestConduit object at 0x7fe6b4199100>\n\n    def test_create_new_article(self):\n        login(self.browser, test_data['valid_email'], test_data['valid_password'])\n>       publish_article(self.browser, test_data['article_title'], test_data['article_summary'],\n                        test_data['article_text'],\n                        test_data['article_tag'])\n\nTest_Conduit/test_conduit.py:67: \n_ _ _ _ _ _ _ _ _ _ _ _ _ _ _ _ _ _ _ _ _ _ _ _ _ _ _ _ _ _ _ _ _ _ _ _ _ _ _ _ \nTest_Conduit/functions.py:44: in publish_article\n    new_article_btn = WebDriverWait(browser, 10).until(\n_ _ _ _ _ _ _ _ _ _ _ _ _ _ _ _ _ _ _ _ _ _ _ _ _ _ _ _ _ _ _ _ _ _ _ _ _ _ _ _ \n\nself = <selenium.webdriver.support.wait.WebDriverWait (session=\"1bc046ed1855bae23b2390466b68b3de\")>\nmethod = <selenium.webdriver.support.expected_conditions.presence_of_element_located object at 0x7fe6b3a3d640>\nmessage = ''\n\n    def until(self, method, message=''):\n        \"\"\"Calls the method provided with the driver as an argument until the \\\n        return value is not False.\"\"\"\n        screen = None\n        stacktrace = None\n    \n        end_time = time.time() + self._timeout\n        while True:\n            try:\n                value = method(self._driver)\n                if value:\n                    return value\n            except self._ignored_exceptions as exc:\n                screen = getattr(exc, 'screen', None)\n                stacktrace = getattr(exc, 'stacktrace', None)\n            time.sleep(self._poll)\n            if time.time() > end_time:\n                break\n>       raise TimeoutException(message, screen, stacktrace)\nE       selenium.common.exceptions.TimeoutException: Message:\n\n/opt/hostedtoolcache/Python/3.9.5/x64/lib/python3.9/site-packages/selenium/webdriver/support/wait.py:80: TimeoutException","steps":[],"attachments":[{"uid":"d01c263bf1d22b6d","name":"log","source":"d01c263bf1d22b6d.txt","type":"text/plain","size":338},{"uid":"80a88acb224ce8ad","name":"stdout","source":"80a88acb224ce8ad.txt","type":"text/plain","size":1},{"uid":"37427fb1c18ef9a8","name":"stderr","source":"37427fb1c18ef9a8.txt","type":"text/plain","size":267}],"parameters":[],"stepsCount":0,"attachmentsCount":3,"shouldDisplayMessage":true,"hasContent":true},"afterStages":[{"name":"_xunit_setup_method_fixture_TestConduit::0","time":{"start":1654673030943,"stop":1654673030997,"duration":54},"status":"passed","steps":[],"attachments":[],"parameters":[],"stepsCount":0,"attachmentsCount":0,"shouldDisplayMessage":false,"hasContent":false}],"labels":[{"name":"parentSuite","value":"Test_Conduit"},{"name":"suite","value":"test_conduit"},{"name":"subSuite","value":"TestConduit"},{"name":"host","value":"fv-az128-19"},{"name":"thread","value":"3081-MainThread"},{"name":"framework","value":"pytest"},{"name":"language","value":"cpython3"},{"name":"package","value":"Test_Conduit.test_conduit"},{"name":"resultFormat","value":"allure2"}],"parameters":[],"links":[],"hidden":false,"retry":false,"extra":{"severity":"normal","retries":[],"categories":[{"name":"Test defects","matchedStatuses":[],"flaky":false}],"tags":[]},"source":"78fed6de4e4c50fa.json","parameterValues":[]}