{"uid":"4427bb6b2529dd57","name":"test_import_data_from_file","fullName":"Test_Conduit.test_conduit.TestConduit#test_import_data_from_file","historyId":"731b9e21d46ea114b3460b3ac8e7b757","time":{"start":1654089873897,"stop":1654089879321,"duration":5424},"status":"broken","statusMessage":"selenium.common.exceptions.TimeoutException: Message:","statusTrace":"self = <test_conduit.TestConduit object at 0x7f209f9d5b20>\n\n    def test_import_data_from_file(self):\n        login(self.browser, test_data['valid_email'], test_data['valid_password'])\n        with open('Test_Conduit/article.csv', 'r') as f:\n            csv_reader = csv.reader(f)\n            for row in csv_reader:\n>               publish_article(self.browser, row[0], row[1], row[2], row[3])\n\nTest_Conduit/test_conduit.py:80: \n_ _ _ _ _ _ _ _ _ _ _ _ _ _ _ _ _ _ _ _ _ _ _ _ _ _ _ _ _ _ _ _ _ _ _ _ _ _ _ _ \nTest_Conduit/functions.py:44: in publish_article\n    new_article_btn = WebDriverWait(browser, 5).until(\n_ _ _ _ _ _ _ _ _ _ _ _ _ _ _ _ _ _ _ _ _ _ _ _ _ _ _ _ _ _ _ _ _ _ _ _ _ _ _ _ \n\nself = <selenium.webdriver.support.wait.WebDriverWait (session=\"e5ccff5829b669f16cbd630571c43466\")>\nmethod = <selenium.webdriver.support.expected_conditions.presence_of_element_located object at 0x7f209f27d640>\nmessage = ''\n\n    def until(self, method, message=''):\n        \"\"\"Calls the method provided with the driver as an argument until the \\\n        return value is not False.\"\"\"\n        screen = None\n        stacktrace = None\n    \n        end_time = time.time() + self._timeout\n        while True:\n            try:\n                value = method(self._driver)\n                if value:\n                    return value\n            except self._ignored_exceptions as exc:\n                screen = getattr(exc, 'screen', None)\n                stacktrace = getattr(exc, 'stacktrace', None)\n            time.sleep(self._poll)\n            if time.time() > end_time:\n                break\n>       raise TimeoutException(message, screen, stacktrace)\nE       selenium.common.exceptions.TimeoutException: Message:\n\n/opt/hostedtoolcache/Python/3.9.5/x64/lib/python3.9/site-packages/selenium/webdriver/support/wait.py:80: TimeoutException","flaky":false,"newFailed":false,"newBroken":false,"newPassed":false,"retriesCount":0,"retriesStatusChange":false,"beforeStages":[{"name":"_xunit_setup_method_fixture_TestConduit","time":{"start":1654089872221,"stop":1654089873896,"duration":1675},"status":"passed","steps":[],"attachments":[],"parameters":[],"stepsCount":0,"attachmentsCount":0,"shouldDisplayMessage":false,"hasContent":false}],"testStage":{"status":"broken","statusMessage":"selenium.common.exceptions.TimeoutException: Message:","statusTrace":"self = <test_conduit.TestConduit object at 0x7f209f9d5b20>\n\n    def test_import_data_from_file(self):\n        login(self.browser, test_data['valid_email'], test_data['valid_password'])\n        with open('Test_Conduit/article.csv', 'r') as f:\n            csv_reader = csv.reader(f)\n            for row in csv_reader:\n>               publish_article(self.browser, row[0], row[1], row[2], row[3])\n\nTest_Conduit/test_conduit.py:80: \n_ _ _ _ _ _ _ _ _ _ _ _ _ _ _ _ _ _ _ _ _ _ _ _ _ _ _ _ _ _ _ _ _ _ _ _ _ _ _ _ \nTest_Conduit/functions.py:44: in publish_article\n    new_article_btn = WebDriverWait(browser, 5).until(\n_ _ _ _ _ _ _ _ _ _ _ _ _ _ _ _ _ _ _ _ _ _ _ _ _ _ _ _ _ _ _ _ _ _ _ _ _ _ _ _ \n\nself = <selenium.webdriver.support.wait.WebDriverWait (session=\"e5ccff5829b669f16cbd630571c43466\")>\nmethod = <selenium.webdriver.support.expected_conditions.presence_of_element_located object at 0x7f209f27d640>\nmessage = ''\n\n    def until(self, method, message=''):\n        \"\"\"Calls the method provided with the driver as an argument until the \\\n        return value is not False.\"\"\"\n        screen = None\n        stacktrace = None\n    \n        end_time = time.time() + self._timeout\n        while True:\n            try:\n                value = method(self._driver)\n                if value:\n                    return value\n            except self._ignored_exceptions as exc:\n                screen = getattr(exc, 'screen', None)\n                stacktrace = getattr(exc, 'stacktrace', None)\n            time.sleep(self._poll)\n            if time.time() > end_time:\n                break\n>       raise TimeoutException(message, screen, stacktrace)\nE       selenium.common.exceptions.TimeoutException: Message:\n\n/opt/hostedtoolcache/Python/3.9.5/x64/lib/python3.9/site-packages/selenium/webdriver/support/wait.py:80: TimeoutException","steps":[],"attachments":[{"uid":"7a45b4b38b669464","name":"log","source":"7a45b4b38b669464.txt","type":"text/plain","size":338},{"uid":"de8196ee2ad73cac","name":"stdout","source":"de8196ee2ad73cac.txt","type":"text/plain","size":1},{"uid":"155a80dcc8557707","name":"stderr","source":"155a80dcc8557707.txt","type":"text/plain","size":267}],"parameters":[],"stepsCount":0,"attachmentsCount":3,"shouldDisplayMessage":true,"hasContent":true},"afterStages":[{"name":"_xunit_setup_method_fixture_TestConduit::0","time":{"start":1654089879335,"stop":1654089879392,"duration":57},"status":"passed","steps":[],"attachments":[],"parameters":[],"stepsCount":0,"attachmentsCount":0,"shouldDisplayMessage":false,"hasContent":false}],"labels":[{"name":"parentSuite","value":"Test_Conduit"},{"name":"suite","value":"test_conduit"},{"name":"subSuite","value":"TestConduit"},{"name":"host","value":"fv-az290-518"},{"name":"thread","value":"3053-MainThread"},{"name":"framework","value":"pytest"},{"name":"language","value":"cpython3"},{"name":"package","value":"Test_Conduit.test_conduit"},{"name":"resultFormat","value":"allure2"}],"parameters":[],"links":[],"hidden":false,"retry":false,"extra":{"severity":"normal","retries":[],"categories":[{"name":"Test defects","matchedStatuses":[],"flaky":false}],"tags":[]},"source":"4427bb6b2529dd57.json","parameterValues":[]}