{"uid":"54aec66be15e9bc0","name":"test_login","fullName":"Test_Conduit.test_conduit.TestConduit#test_login","historyId":"eb8ba55a8fdd7095fdc68be6cbe17d94","time":{"start":1654674395991,"stop":1654674416532,"duration":20541},"status":"broken","statusMessage":"selenium.common.exceptions.TimeoutException: Message:","statusTrace":"self = <test_conduit.TestConduit object at 0x7f059b0c06a0>\n\n    def test_login(self):\n        login(self.browser, test_data['valid_email'], test_data['valid_password'])\n        time.sleep(10)\n>       profile_btn = WebDriverWait(self.browser, 10).until(\n            EC.presence_of_element_located((By.XPATH, '//a[@href=\"#/@hzoltan/\" and @class=\"nav-link\"]')))\n\nTest_Conduit/test_conduit.py:41: \n_ _ _ _ _ _ _ _ _ _ _ _ _ _ _ _ _ _ _ _ _ _ _ _ _ _ _ _ _ _ _ _ _ _ _ _ _ _ _ _ \n\nself = <selenium.webdriver.support.wait.WebDriverWait (session=\"ba31b96b2d8a111f53ea2fe608091dc4\")>\nmethod = <selenium.webdriver.support.expected_conditions.presence_of_element_located object at 0x7f059b0d76a0>\nmessage = ''\n\n    def until(self, method, message=''):\n        \"\"\"Calls the method provided with the driver as an argument until the \\\n        return value is not False.\"\"\"\n        screen = None\n        stacktrace = None\n    \n        end_time = time.time() + self._timeout\n        while True:\n            try:\n                value = method(self._driver)\n                if value:\n                    return value\n            except self._ignored_exceptions as exc:\n                screen = getattr(exc, 'screen', None)\n                stacktrace = getattr(exc, 'stacktrace', None)\n            time.sleep(self._poll)\n            if time.time() > end_time:\n                break\n>       raise TimeoutException(message, screen, stacktrace)\nE       selenium.common.exceptions.TimeoutException: Message:\n\n/opt/hostedtoolcache/Python/3.9.5/x64/lib/python3.9/site-packages/selenium/webdriver/support/wait.py:80: TimeoutException","flaky":false,"newFailed":false,"newBroken":false,"newPassed":false,"retriesCount":0,"retriesStatusChange":false,"beforeStages":[{"name":"_xunit_setup_method_fixture_TestConduit","time":{"start":1654674394379,"stop":1654674395989,"duration":1610},"status":"passed","steps":[],"attachments":[],"parameters":[],"stepsCount":0,"attachmentsCount":0,"shouldDisplayMessage":false,"hasContent":false}],"testStage":{"status":"broken","statusMessage":"selenium.common.exceptions.TimeoutException: Message:","statusTrace":"self = <test_conduit.TestConduit object at 0x7f059b0c06a0>\n\n    def test_login(self):\n        login(self.browser, test_data['valid_email'], test_data['valid_password'])\n        time.sleep(10)\n>       profile_btn = WebDriverWait(self.browser, 10).until(\n            EC.presence_of_element_located((By.XPATH, '//a[@href=\"#/@hzoltan/\" and @class=\"nav-link\"]')))\n\nTest_Conduit/test_conduit.py:41: \n_ _ _ _ _ _ _ _ _ _ _ _ _ _ _ _ _ _ _ _ _ _ _ _ _ _ _ _ _ _ _ _ _ _ _ _ _ _ _ _ \n\nself = <selenium.webdriver.support.wait.WebDriverWait (session=\"ba31b96b2d8a111f53ea2fe608091dc4\")>\nmethod = <selenium.webdriver.support.expected_conditions.presence_of_element_located object at 0x7f059b0d76a0>\nmessage = ''\n\n    def until(self, method, message=''):\n        \"\"\"Calls the method provided with the driver as an argument until the \\\n        return value is not False.\"\"\"\n        screen = None\n        stacktrace = None\n    \n        end_time = time.time() + self._timeout\n        while True:\n            try:\n                value = method(self._driver)\n                if value:\n                    return value\n            except self._ignored_exceptions as exc:\n                screen = getattr(exc, 'screen', None)\n                stacktrace = getattr(exc, 'stacktrace', None)\n            time.sleep(self._poll)\n            if time.time() > end_time:\n                break\n>       raise TimeoutException(message, screen, stacktrace)\nE       selenium.common.exceptions.TimeoutException: Message:\n\n/opt/hostedtoolcache/Python/3.9.5/x64/lib/python3.9/site-packages/selenium/webdriver/support/wait.py:80: TimeoutException","steps":[],"attachments":[{"uid":"9788d8f4c40ee412","name":"log","source":"9788d8f4c40ee412.txt","type":"text/plain","size":338},{"uid":"6c0afaeb8616d404","name":"stdout","source":"6c0afaeb8616d404.txt","type":"text/plain","size":1},{"uid":"3b25ae5a05d4f72f","name":"stderr","source":"3b25ae5a05d4f72f.txt","type":"text/plain","size":267}],"parameters":[],"stepsCount":0,"attachmentsCount":3,"shouldDisplayMessage":true,"hasContent":true},"afterStages":[{"name":"_xunit_setup_method_fixture_TestConduit::0","time":{"start":1654674416594,"stop":1654674416651,"duration":57},"status":"passed","steps":[],"attachments":[],"parameters":[],"stepsCount":0,"attachmentsCount":0,"shouldDisplayMessage":false,"hasContent":false}],"labels":[{"name":"parentSuite","value":"Test_Conduit"},{"name":"suite","value":"test_conduit"},{"name":"subSuite","value":"TestConduit"},{"name":"host","value":"fv-az200-245"},{"name":"thread","value":"3030-MainThread"},{"name":"framework","value":"pytest"},{"name":"language","value":"cpython3"},{"name":"package","value":"Test_Conduit.test_conduit"},{"name":"resultFormat","value":"allure2"}],"parameters":[],"links":[],"hidden":false,"retry":false,"extra":{"severity":"normal","retries":[],"categories":[{"name":"Test defects","matchedStatuses":[],"flaky":false}],"tags":[]},"source":"54aec66be15e9bc0.json","parameterValues":[]}