{"uid":"1e354a76fd6f6cd1","name":"test_display_list","fullName":"Test_Conduit.test_conduit.TestConduit#test_display_list","historyId":"1d2c9303d80369954d0bb625e7b1fa8e","time":{"start":1654674760103,"stop":1654674785644,"duration":25541},"status":"broken","statusMessage":"selenium.common.exceptions.TimeoutException: Message:","statusTrace":"self = <test_conduit.TestConduit object at 0x7ff96e6240d0>\n\n    def test_display_list(self):\n        login(self.browser, test_data['valid_email'], test_data['valid_password'])\n>       ipsum_tag = WebDriverWait(self.browser, 10).until(EC.presence_of_element_located(\n            (By.XPATH, '//div[@class=\"sidebar\"]/div[@class=\"tag-list\"]/a[text()=\"ipsum\"]')))\n\nTest_Conduit/test_conduit.py:47: \n_ _ _ _ _ _ _ _ _ _ _ _ _ _ _ _ _ _ _ _ _ _ _ _ _ _ _ _ _ _ _ _ _ _ _ _ _ _ _ _ \n\nself = <selenium.webdriver.support.wait.WebDriverWait (session=\"79e77bd76f2fff8dfdd20f7441f06e8e\")>\nmethod = <selenium.webdriver.support.expected_conditions.presence_of_element_located object at 0x7ff96dec9340>\nmessage = ''\n\n    def until(self, method, message=''):\n        \"\"\"Calls the method provided with the driver as an argument until the \\\n        return value is not False.\"\"\"\n        screen = None\n        stacktrace = None\n    \n        end_time = time.time() + self._timeout\n        while True:\n            try:\n                value = method(self._driver)\n                if value:\n                    return value\n            except self._ignored_exceptions as exc:\n                screen = getattr(exc, 'screen', None)\n                stacktrace = getattr(exc, 'stacktrace', None)\n            time.sleep(self._poll)\n            if time.time() > end_time:\n                break\n>       raise TimeoutException(message, screen, stacktrace)\nE       selenium.common.exceptions.TimeoutException: Message:\n\n/opt/hostedtoolcache/Python/3.9.5/x64/lib/python3.9/site-packages/selenium/webdriver/support/wait.py:80: TimeoutException","flaky":false,"newFailed":false,"newBroken":false,"newPassed":false,"retriesCount":0,"retriesStatusChange":false,"beforeStages":[{"name":"_xunit_setup_method_fixture_TestConduit","time":{"start":1654674758568,"stop":1654674760102,"duration":1534},"status":"passed","steps":[],"attachments":[],"parameters":[],"stepsCount":0,"attachmentsCount":0,"shouldDisplayMessage":false,"hasContent":false}],"testStage":{"status":"broken","statusMessage":"selenium.common.exceptions.TimeoutException: Message:","statusTrace":"self = <test_conduit.TestConduit object at 0x7ff96e6240d0>\n\n    def test_display_list(self):\n        login(self.browser, test_data['valid_email'], test_data['valid_password'])\n>       ipsum_tag = WebDriverWait(self.browser, 10).until(EC.presence_of_element_located(\n            (By.XPATH, '//div[@class=\"sidebar\"]/div[@class=\"tag-list\"]/a[text()=\"ipsum\"]')))\n\nTest_Conduit/test_conduit.py:47: \n_ _ _ _ _ _ _ _ _ _ _ _ _ _ _ _ _ _ _ _ _ _ _ _ _ _ _ _ _ _ _ _ _ _ _ _ _ _ _ _ \n\nself = <selenium.webdriver.support.wait.WebDriverWait (session=\"79e77bd76f2fff8dfdd20f7441f06e8e\")>\nmethod = <selenium.webdriver.support.expected_conditions.presence_of_element_located object at 0x7ff96dec9340>\nmessage = ''\n\n    def until(self, method, message=''):\n        \"\"\"Calls the method provided with the driver as an argument until the \\\n        return value is not False.\"\"\"\n        screen = None\n        stacktrace = None\n    \n        end_time = time.time() + self._timeout\n        while True:\n            try:\n                value = method(self._driver)\n                if value:\n                    return value\n            except self._ignored_exceptions as exc:\n                screen = getattr(exc, 'screen', None)\n                stacktrace = getattr(exc, 'stacktrace', None)\n            time.sleep(self._poll)\n            if time.time() > end_time:\n                break\n>       raise TimeoutException(message, screen, stacktrace)\nE       selenium.common.exceptions.TimeoutException: Message:\n\n/opt/hostedtoolcache/Python/3.9.5/x64/lib/python3.9/site-packages/selenium/webdriver/support/wait.py:80: TimeoutException","steps":[],"attachments":[{"uid":"93384a30787798d4","name":"log","source":"93384a30787798d4.txt","type":"text/plain","size":338},{"uid":"b3b8a747d2ebf66b","name":"stdout","source":"b3b8a747d2ebf66b.txt","type":"text/plain","size":1},{"uid":"c5a78a7b3795c7a8","name":"stderr","source":"c5a78a7b3795c7a8.txt","type":"text/plain","size":267}],"parameters":[],"stepsCount":0,"attachmentsCount":3,"shouldDisplayMessage":true,"hasContent":true},"afterStages":[{"name":"_xunit_setup_method_fixture_TestConduit::0","time":{"start":1654674785658,"stop":1654674785713,"duration":55},"status":"passed","steps":[],"attachments":[],"parameters":[],"stepsCount":0,"attachmentsCount":0,"shouldDisplayMessage":false,"hasContent":false}],"labels":[{"name":"parentSuite","value":"Test_Conduit"},{"name":"suite","value":"test_conduit"},{"name":"subSuite","value":"TestConduit"},{"name":"host","value":"fv-az377-907"},{"name":"thread","value":"3042-MainThread"},{"name":"framework","value":"pytest"},{"name":"language","value":"cpython3"},{"name":"package","value":"Test_Conduit.test_conduit"},{"name":"resultFormat","value":"allure2"}],"parameters":[],"links":[],"hidden":false,"retry":false,"extra":{"severity":"normal","retries":[],"categories":[{"name":"Test defects","matchedStatuses":[],"flaky":false}],"tags":[]},"source":"1e354a76fd6f6cd1.json","parameterValues":[]}