{"uid":"2e8a207d84e8c072","name":"test_login","fullName":"Test_Conduit.test_conduit.TestConduit#test_login","historyId":"eb8ba55a8fdd7095fdc68be6cbe17d94","time":{"start":1654170284078,"stop":1654170301617,"duration":17539},"status":"broken","statusMessage":"selenium.common.exceptions.TimeoutException: Message:","statusTrace":"self = <test_conduit.TestConduit object at 0x7fa73ef91b80>\n\n    def test_login(self):\n        login(self.browser, test_data['valid_email'], test_data['valid_password'])\n>       profile_btn = WebDriverWait(self.browser, 15).until(\n            EC.presence_of_element_located((By.XPATH, '//a[@href=\"#/@hzoltan/\" and @class=\"nav-link\"]')))\n\nTest_Conduit/test_conduit.py:40: \n_ _ _ _ _ _ _ _ _ _ _ _ _ _ _ _ _ _ _ _ _ _ _ _ _ _ _ _ _ _ _ _ _ _ _ _ _ _ _ _ \n\nself = <selenium.webdriver.support.wait.WebDriverWait (session=\"2f90fa9cd0b257feee574144bb31bd4c\")>\nmethod = <selenium.webdriver.support.expected_conditions.presence_of_element_located object at 0x7fa73e3c1e20>\nmessage = ''\n\n    def until(self, method, message=''):\n        \"\"\"Calls the method provided with the driver as an argument until the \\\n        return value is not False.\"\"\"\n        screen = None\n        stacktrace = None\n    \n        end_time = time.time() + self._timeout\n        while True:\n            try:\n                value = method(self._driver)\n                if value:\n                    return value\n            except self._ignored_exceptions as exc:\n                screen = getattr(exc, 'screen', None)\n                stacktrace = getattr(exc, 'stacktrace', None)\n            time.sleep(self._poll)\n            if time.time() > end_time:\n                break\n>       raise TimeoutException(message, screen, stacktrace)\nE       selenium.common.exceptions.TimeoutException: Message:\n\n/opt/hostedtoolcache/Python/3.9.5/x64/lib/python3.9/site-packages/selenium/webdriver/support/wait.py:80: TimeoutException","flaky":false,"newFailed":false,"newBroken":false,"newPassed":false,"retriesCount":0,"retriesStatusChange":false,"beforeStages":[{"name":"_xunit_setup_method_fixture_TestConduit","time":{"start":1654170282485,"stop":1654170284077,"duration":1592},"status":"passed","steps":[],"attachments":[],"parameters":[],"stepsCount":0,"attachmentsCount":0,"shouldDisplayMessage":false,"hasContent":false}],"testStage":{"status":"broken","statusMessage":"selenium.common.exceptions.TimeoutException: Message:","statusTrace":"self = <test_conduit.TestConduit object at 0x7fa73ef91b80>\n\n    def test_login(self):\n        login(self.browser, test_data['valid_email'], test_data['valid_password'])\n>       profile_btn = WebDriverWait(self.browser, 15).until(\n            EC.presence_of_element_located((By.XPATH, '//a[@href=\"#/@hzoltan/\" and @class=\"nav-link\"]')))\n\nTest_Conduit/test_conduit.py:40: \n_ _ _ _ _ _ _ _ _ _ _ _ _ _ _ _ _ _ _ _ _ _ _ _ _ _ _ _ _ _ _ _ _ _ _ _ _ _ _ _ \n\nself = <selenium.webdriver.support.wait.WebDriverWait (session=\"2f90fa9cd0b257feee574144bb31bd4c\")>\nmethod = <selenium.webdriver.support.expected_conditions.presence_of_element_located object at 0x7fa73e3c1e20>\nmessage = ''\n\n    def until(self, method, message=''):\n        \"\"\"Calls the method provided with the driver as an argument until the \\\n        return value is not False.\"\"\"\n        screen = None\n        stacktrace = None\n    \n        end_time = time.time() + self._timeout\n        while True:\n            try:\n                value = method(self._driver)\n                if value:\n                    return value\n            except self._ignored_exceptions as exc:\n                screen = getattr(exc, 'screen', None)\n                stacktrace = getattr(exc, 'stacktrace', None)\n            time.sleep(self._poll)\n            if time.time() > end_time:\n                break\n>       raise TimeoutException(message, screen, stacktrace)\nE       selenium.common.exceptions.TimeoutException: Message:\n\n/opt/hostedtoolcache/Python/3.9.5/x64/lib/python3.9/site-packages/selenium/webdriver/support/wait.py:80: TimeoutException","steps":[],"attachments":[{"uid":"f9f4d827a6ab8a2b","name":"log","source":"f9f4d827a6ab8a2b.txt","type":"text/plain","size":338},{"uid":"acffca3a1a4722eb","name":"stdout","source":"acffca3a1a4722eb.txt","type":"text/plain","size":1},{"uid":"edcab684a6c177ef","name":"stderr","source":"edcab684a6c177ef.txt","type":"text/plain","size":267}],"parameters":[],"stepsCount":0,"attachmentsCount":3,"shouldDisplayMessage":true,"hasContent":true},"afterStages":[{"name":"_xunit_setup_method_fixture_TestConduit::0","time":{"start":1654170301677,"stop":1654170301732,"duration":55},"status":"passed","steps":[],"attachments":[],"parameters":[],"stepsCount":0,"attachmentsCount":0,"shouldDisplayMessage":false,"hasContent":false}],"labels":[{"name":"parentSuite","value":"Test_Conduit"},{"name":"suite","value":"test_conduit"},{"name":"subSuite","value":"TestConduit"},{"name":"host","value":"fv-az77-119"},{"name":"thread","value":"3028-MainThread"},{"name":"framework","value":"pytest"},{"name":"language","value":"cpython3"},{"name":"package","value":"Test_Conduit.test_conduit"},{"name":"resultFormat","value":"allure2"}],"parameters":[],"links":[],"hidden":false,"retry":false,"extra":{"severity":"normal","retries":[],"categories":[{"name":"Test defects","matchedStatuses":[],"flaky":false}],"tags":[]},"source":"2e8a207d84e8c072.json","parameterValues":[]}