{"uid":"5a991a8ed773e319","name":"test_logout","fullName":"Test_Conduit.test_conduit.TestConduit#test_logout","historyId":"e9fbb036ad276a5fc050ac151f4c61bc","time":{"start":1654169608282,"stop":1654169620672,"duration":12390},"status":"broken","statusMessage":"selenium.common.exceptions.TimeoutException: Message:","statusTrace":"self = <test_conduit.TestConduit object at 0x7f914e7a32b0>\n\n    def test_logout(self):\n        login(self.browser, test_data['valid_email'], test_data['valid_password'])\n>       logout(self.browser)\n\nTest_Conduit/test_conduit.py:115: \n_ _ _ _ _ _ _ _ _ _ _ _ _ _ _ _ _ _ _ _ _ _ _ _ _ _ _ _ _ _ _ _ _ _ _ _ _ _ _ _ \nTest_Conduit/functions.py:40: in logout\n    log_out_btn = WebDriverWait(browser, 10).until(EC.presence_of_element_located((By.XPATH, '//ul/li[5]/a')))\n_ _ _ _ _ _ _ _ _ _ _ _ _ _ _ _ _ _ _ _ _ _ _ _ _ _ _ _ _ _ _ _ _ _ _ _ _ _ _ _ \n\nself = <selenium.webdriver.support.wait.WebDriverWait (session=\"e57e375180ce257f26c864392f8623f0\")>\nmethod = <selenium.webdriver.support.expected_conditions.presence_of_element_located object at 0x7f914e0361c0>\nmessage = ''\n\n    def until(self, method, message=''):\n        \"\"\"Calls the method provided with the driver as an argument until the \\\n        return value is not False.\"\"\"\n        screen = None\n        stacktrace = None\n    \n        end_time = time.time() + self._timeout\n        while True:\n            try:\n                value = method(self._driver)\n                if value:\n                    return value\n            except self._ignored_exceptions as exc:\n                screen = getattr(exc, 'screen', None)\n                stacktrace = getattr(exc, 'stacktrace', None)\n            time.sleep(self._poll)\n            if time.time() > end_time:\n                break\n>       raise TimeoutException(message, screen, stacktrace)\nE       selenium.common.exceptions.TimeoutException: Message:\n\n/opt/hostedtoolcache/Python/3.9.5/x64/lib/python3.9/site-packages/selenium/webdriver/support/wait.py:80: TimeoutException","flaky":false,"newFailed":false,"newBroken":false,"newPassed":false,"retriesCount":0,"retriesStatusChange":false,"beforeStages":[{"name":"_xunit_setup_method_fixture_TestConduit","time":{"start":1654169606796,"stop":1654169608281,"duration":1485},"status":"passed","steps":[],"attachments":[],"parameters":[],"stepsCount":0,"attachmentsCount":0,"shouldDisplayMessage":false,"hasContent":false}],"testStage":{"status":"broken","statusMessage":"selenium.common.exceptions.TimeoutException: Message:","statusTrace":"self = <test_conduit.TestConduit object at 0x7f914e7a32b0>\n\n    def test_logout(self):\n        login(self.browser, test_data['valid_email'], test_data['valid_password'])\n>       logout(self.browser)\n\nTest_Conduit/test_conduit.py:115: \n_ _ _ _ _ _ _ _ _ _ _ _ _ _ _ _ _ _ _ _ _ _ _ _ _ _ _ _ _ _ _ _ _ _ _ _ _ _ _ _ \nTest_Conduit/functions.py:40: in logout\n    log_out_btn = WebDriverWait(browser, 10).until(EC.presence_of_element_located((By.XPATH, '//ul/li[5]/a')))\n_ _ _ _ _ _ _ _ _ _ _ _ _ _ _ _ _ _ _ _ _ _ _ _ _ _ _ _ _ _ _ _ _ _ _ _ _ _ _ _ \n\nself = <selenium.webdriver.support.wait.WebDriverWait (session=\"e57e375180ce257f26c864392f8623f0\")>\nmethod = <selenium.webdriver.support.expected_conditions.presence_of_element_located object at 0x7f914e0361c0>\nmessage = ''\n\n    def until(self, method, message=''):\n        \"\"\"Calls the method provided with the driver as an argument until the \\\n        return value is not False.\"\"\"\n        screen = None\n        stacktrace = None\n    \n        end_time = time.time() + self._timeout\n        while True:\n            try:\n                value = method(self._driver)\n                if value:\n                    return value\n            except self._ignored_exceptions as exc:\n                screen = getattr(exc, 'screen', None)\n                stacktrace = getattr(exc, 'stacktrace', None)\n            time.sleep(self._poll)\n            if time.time() > end_time:\n                break\n>       raise TimeoutException(message, screen, stacktrace)\nE       selenium.common.exceptions.TimeoutException: Message:\n\n/opt/hostedtoolcache/Python/3.9.5/x64/lib/python3.9/site-packages/selenium/webdriver/support/wait.py:80: TimeoutException","steps":[],"attachments":[{"uid":"17f19033a8e46d3e","name":"log","source":"17f19033a8e46d3e.txt","type":"text/plain","size":338},{"uid":"4743303b919fbfd0","name":"stdout","source":"4743303b919fbfd0.txt","type":"text/plain","size":1},{"uid":"6d01c7d4e8dce142","name":"stderr","source":"6d01c7d4e8dce142.txt","type":"text/plain","size":267}],"parameters":[],"stepsCount":0,"attachmentsCount":3,"shouldDisplayMessage":true,"hasContent":true},"afterStages":[{"name":"_xunit_setup_method_fixture_TestConduit::0","time":{"start":1654169620681,"stop":1654169620735,"duration":54},"status":"passed","steps":[],"attachments":[],"parameters":[],"stepsCount":0,"attachmentsCount":0,"shouldDisplayMessage":false,"hasContent":false}],"labels":[{"name":"parentSuite","value":"Test_Conduit"},{"name":"suite","value":"test_conduit"},{"name":"subSuite","value":"TestConduit"},{"name":"host","value":"fv-az135-41"},{"name":"thread","value":"3137-MainThread"},{"name":"framework","value":"pytest"},{"name":"language","value":"cpython3"},{"name":"package","value":"Test_Conduit.test_conduit"},{"name":"resultFormat","value":"allure2"}],"parameters":[],"links":[],"hidden":false,"retry":false,"extra":{"severity":"normal","retries":[],"categories":[{"name":"Test defects","matchedStatuses":[],"flaky":false}],"tags":[]},"source":"5a991a8ed773e319.json","parameterValues":[]}