{"uid":"f564216a3f96c580","name":"test_display_list","fullName":"Test_Conduit.test_conduit.TestConduit#test_display_list","historyId":"1d2c9303d80369954d0bb625e7b1fa8e","time":{"start":1654172579814,"stop":1654172590592,"duration":10778},"status":"broken","statusMessage":"selenium.common.exceptions.TimeoutException: Message:","statusTrace":"self = <test_conduit.TestConduit object at 0x7f2c0a9c4370>\n\n    def test_display_list(self):\n        login(self.browser, test_data['valid_email'], test_data['valid_password'])\n>       ipsum_tag = WebDriverWait(self.browser, 10).until(EC.presence_of_element_located(\n            (By.XPATH, '//div[@class=\"sidebar\"]/div[@class=\"tag-list\"]/a[text()=\"ipsum\"]')))\n\nTest_Conduit/test_conduit.py:48: \n_ _ _ _ _ _ _ _ _ _ _ _ _ _ _ _ _ _ _ _ _ _ _ _ _ _ _ _ _ _ _ _ _ _ _ _ _ _ _ _ \n\nself = <selenium.webdriver.support.wait.WebDriverWait (session=\"f9c994277fab67c439eb638e52d57ec6\")>\nmethod = <selenium.webdriver.support.expected_conditions.presence_of_element_located object at 0x7f2c0a276730>\nmessage = ''\n\n    def until(self, method, message=''):\n        \"\"\"Calls the method provided with the driver as an argument until the \\\n        return value is not False.\"\"\"\n        screen = None\n        stacktrace = None\n    \n        end_time = time.time() + self._timeout\n        while True:\n            try:\n                value = method(self._driver)\n                if value:\n                    return value\n            except self._ignored_exceptions as exc:\n                screen = getattr(exc, 'screen', None)\n                stacktrace = getattr(exc, 'stacktrace', None)\n            time.sleep(self._poll)\n            if time.time() > end_time:\n                break\n>       raise TimeoutException(message, screen, stacktrace)\nE       selenium.common.exceptions.TimeoutException: Message:\n\n/opt/hostedtoolcache/Python/3.9.5/x64/lib/python3.9/site-packages/selenium/webdriver/support/wait.py:80: TimeoutException","flaky":false,"newFailed":false,"newBroken":false,"newPassed":false,"retriesCount":0,"retriesStatusChange":false,"beforeStages":[{"name":"_xunit_setup_method_fixture_TestConduit","time":{"start":1654172578230,"stop":1654172579813,"duration":1583},"status":"passed","steps":[],"attachments":[],"parameters":[],"stepsCount":0,"attachmentsCount":0,"shouldDisplayMessage":false,"hasContent":false}],"testStage":{"status":"broken","statusMessage":"selenium.common.exceptions.TimeoutException: Message:","statusTrace":"self = <test_conduit.TestConduit object at 0x7f2c0a9c4370>\n\n    def test_display_list(self):\n        login(self.browser, test_data['valid_email'], test_data['valid_password'])\n>       ipsum_tag = WebDriverWait(self.browser, 10).until(EC.presence_of_element_located(\n            (By.XPATH, '//div[@class=\"sidebar\"]/div[@class=\"tag-list\"]/a[text()=\"ipsum\"]')))\n\nTest_Conduit/test_conduit.py:48: \n_ _ _ _ _ _ _ _ _ _ _ _ _ _ _ _ _ _ _ _ _ _ _ _ _ _ _ _ _ _ _ _ _ _ _ _ _ _ _ _ \n\nself = <selenium.webdriver.support.wait.WebDriverWait (session=\"f9c994277fab67c439eb638e52d57ec6\")>\nmethod = <selenium.webdriver.support.expected_conditions.presence_of_element_located object at 0x7f2c0a276730>\nmessage = ''\n\n    def until(self, method, message=''):\n        \"\"\"Calls the method provided with the driver as an argument until the \\\n        return value is not False.\"\"\"\n        screen = None\n        stacktrace = None\n    \n        end_time = time.time() + self._timeout\n        while True:\n            try:\n                value = method(self._driver)\n                if value:\n                    return value\n            except self._ignored_exceptions as exc:\n                screen = getattr(exc, 'screen', None)\n                stacktrace = getattr(exc, 'stacktrace', None)\n            time.sleep(self._poll)\n            if time.time() > end_time:\n                break\n>       raise TimeoutException(message, screen, stacktrace)\nE       selenium.common.exceptions.TimeoutException: Message:\n\n/opt/hostedtoolcache/Python/3.9.5/x64/lib/python3.9/site-packages/selenium/webdriver/support/wait.py:80: TimeoutException","steps":[],"attachments":[{"uid":"eaa573ec8b7dcbbb","name":"log","source":"eaa573ec8b7dcbbb.txt","type":"text/plain","size":338},{"uid":"f1b8c91c9edc9e1","name":"stdout","source":"f1b8c91c9edc9e1.txt","type":"text/plain","size":1},{"uid":"24df73f25a3b5aa8","name":"stderr","source":"24df73f25a3b5aa8.txt","type":"text/plain","size":267}],"parameters":[],"stepsCount":0,"attachmentsCount":3,"shouldDisplayMessage":true,"hasContent":true},"afterStages":[{"name":"_xunit_setup_method_fixture_TestConduit::0","time":{"start":1654172590600,"stop":1654172590657,"duration":57},"status":"passed","steps":[],"attachments":[],"parameters":[],"stepsCount":0,"attachmentsCount":0,"shouldDisplayMessage":false,"hasContent":false}],"labels":[{"name":"parentSuite","value":"Test_Conduit"},{"name":"suite","value":"test_conduit"},{"name":"subSuite","value":"TestConduit"},{"name":"host","value":"fv-az397-745"},{"name":"thread","value":"3192-MainThread"},{"name":"framework","value":"pytest"},{"name":"language","value":"cpython3"},{"name":"package","value":"Test_Conduit.test_conduit"},{"name":"resultFormat","value":"allure2"}],"parameters":[],"links":[],"hidden":false,"retry":false,"extra":{"severity":"normal","retries":[],"categories":[{"name":"Test defects","matchedStatuses":[],"flaky":false}],"tags":[]},"source":"f564216a3f96c580.json","parameterValues":[]}