{"uid":"239928e9a2f5af10","name":"test_display_list","fullName":"Test_Conduit.test_conduit.TestConduit#test_display_list","historyId":"1d2c9303d80369954d0bb625e7b1fa8e","time":{"start":1654090795678,"stop":1654090826253,"duration":30575},"status":"broken","statusMessage":"selenium.common.exceptions.TimeoutException: Message:","statusTrace":"self = <test_conduit.TestConduit object at 0x7f054e954d30>\n\n    def test_display_list(self):\n        login(self.browser, test_data['valid_email'], test_data['valid_password'])\n>       ipsum_tag = WebDriverWait(self.browser, 30).until(EC.presence_of_element_located(\n            (By.XPATH, '//div[@class=\"sidebar\"]/div[@class=\"tag-list\"]/a[text()=\"ipsum\"]')))\n\nTest_Conduit/test_conduit.py:47: \n_ _ _ _ _ _ _ _ _ _ _ _ _ _ _ _ _ _ _ _ _ _ _ _ _ _ _ _ _ _ _ _ _ _ _ _ _ _ _ _ \n\nself = <selenium.webdriver.support.wait.WebDriverWait (session=\"c52dc30e5a130276d169206df4662841\")>\nmethod = <selenium.webdriver.support.expected_conditions.presence_of_element_located object at 0x7f054e1a1040>\nmessage = ''\n\n    def until(self, method, message=''):\n        \"\"\"Calls the method provided with the driver as an argument until the \\\n        return value is not False.\"\"\"\n        screen = None\n        stacktrace = None\n    \n        end_time = time.time() + self._timeout\n        while True:\n            try:\n                value = method(self._driver)\n                if value:\n                    return value\n            except self._ignored_exceptions as exc:\n                screen = getattr(exc, 'screen', None)\n                stacktrace = getattr(exc, 'stacktrace', None)\n            time.sleep(self._poll)\n            if time.time() > end_time:\n                break\n>       raise TimeoutException(message, screen, stacktrace)\nE       selenium.common.exceptions.TimeoutException: Message:\n\n/opt/hostedtoolcache/Python/3.9.5/x64/lib/python3.9/site-packages/selenium/webdriver/support/wait.py:80: TimeoutException","flaky":false,"newFailed":false,"newBroken":false,"newPassed":false,"retriesCount":0,"retriesStatusChange":false,"beforeStages":[{"name":"_xunit_setup_method_fixture_TestConduit","time":{"start":1654090793995,"stop":1654090795676,"duration":1681},"status":"passed","steps":[],"attachments":[],"parameters":[],"stepsCount":0,"attachmentsCount":0,"shouldDisplayMessage":false,"hasContent":false}],"testStage":{"status":"broken","statusMessage":"selenium.common.exceptions.TimeoutException: Message:","statusTrace":"self = <test_conduit.TestConduit object at 0x7f054e954d30>\n\n    def test_display_list(self):\n        login(self.browser, test_data['valid_email'], test_data['valid_password'])\n>       ipsum_tag = WebDriverWait(self.browser, 30).until(EC.presence_of_element_located(\n            (By.XPATH, '//div[@class=\"sidebar\"]/div[@class=\"tag-list\"]/a[text()=\"ipsum\"]')))\n\nTest_Conduit/test_conduit.py:47: \n_ _ _ _ _ _ _ _ _ _ _ _ _ _ _ _ _ _ _ _ _ _ _ _ _ _ _ _ _ _ _ _ _ _ _ _ _ _ _ _ \n\nself = <selenium.webdriver.support.wait.WebDriverWait (session=\"c52dc30e5a130276d169206df4662841\")>\nmethod = <selenium.webdriver.support.expected_conditions.presence_of_element_located object at 0x7f054e1a1040>\nmessage = ''\n\n    def until(self, method, message=''):\n        \"\"\"Calls the method provided with the driver as an argument until the \\\n        return value is not False.\"\"\"\n        screen = None\n        stacktrace = None\n    \n        end_time = time.time() + self._timeout\n        while True:\n            try:\n                value = method(self._driver)\n                if value:\n                    return value\n            except self._ignored_exceptions as exc:\n                screen = getattr(exc, 'screen', None)\n                stacktrace = getattr(exc, 'stacktrace', None)\n            time.sleep(self._poll)\n            if time.time() > end_time:\n                break\n>       raise TimeoutException(message, screen, stacktrace)\nE       selenium.common.exceptions.TimeoutException: Message:\n\n/opt/hostedtoolcache/Python/3.9.5/x64/lib/python3.9/site-packages/selenium/webdriver/support/wait.py:80: TimeoutException","steps":[],"attachments":[{"uid":"bfeaf622e31e172e","name":"log","source":"bfeaf622e31e172e.txt","type":"text/plain","size":338},{"uid":"dfe6083c08a10ef2","name":"stdout","source":"dfe6083c08a10ef2.txt","type":"text/plain","size":1},{"uid":"94e172fe70abb36a","name":"stderr","source":"94e172fe70abb36a.txt","type":"text/plain","size":267}],"parameters":[],"stepsCount":0,"attachmentsCount":3,"shouldDisplayMessage":true,"hasContent":true},"afterStages":[{"name":"_xunit_setup_method_fixture_TestConduit::0","time":{"start":1654090826264,"stop":1654090826321,"duration":57},"status":"passed","steps":[],"attachments":[],"parameters":[],"stepsCount":0,"attachmentsCount":0,"shouldDisplayMessage":false,"hasContent":false}],"labels":[{"name":"parentSuite","value":"Test_Conduit"},{"name":"suite","value":"test_conduit"},{"name":"subSuite","value":"TestConduit"},{"name":"host","value":"fv-az177-637"},{"name":"thread","value":"3179-MainThread"},{"name":"framework","value":"pytest"},{"name":"language","value":"cpython3"},{"name":"package","value":"Test_Conduit.test_conduit"},{"name":"resultFormat","value":"allure2"}],"parameters":[],"links":[],"hidden":false,"retry":false,"extra":{"severity":"normal","retries":[],"categories":[{"name":"Test defects","matchedStatuses":[],"flaky":false}],"tags":[]},"source":"239928e9a2f5af10.json","parameterValues":[]}