{"uid":"815a18046af9ac83","name":"test_login","fullName":"Test_Conduit.test_conduit.TestConduit#test_login","historyId":"eb8ba55a8fdd7095fdc68be6cbe17d94","time":{"start":1654090763252,"stop":1654090793864,"duration":30612},"status":"broken","statusMessage":"selenium.common.exceptions.TimeoutException: Message:","statusTrace":"self = <test_conduit.TestConduit object at 0x7f054e8ee520>\n\n    def test_login(self):\n        login(self.browser, test_data['valid_email'], test_data['valid_password'])\n>       profile_btn = WebDriverWait(self.browser, 30).until(\n            EC.presence_of_element_located((By.XPATH, '//a[@href=\"#/@hzoltan/\" and @class=\"nav-link\"]')))\n\nTest_Conduit/test_conduit.py:40: \n_ _ _ _ _ _ _ _ _ _ _ _ _ _ _ _ _ _ _ _ _ _ _ _ _ _ _ _ _ _ _ _ _ _ _ _ _ _ _ _ \n\nself = <selenium.webdriver.support.wait.WebDriverWait (session=\"c50466300b3a3b4ebb1e78a6a9c4a057\")>\nmethod = <selenium.webdriver.support.expected_conditions.presence_of_element_located object at 0x7f054e19ab50>\nmessage = ''\n\n    def until(self, method, message=''):\n        \"\"\"Calls the method provided with the driver as an argument until the \\\n        return value is not False.\"\"\"\n        screen = None\n        stacktrace = None\n    \n        end_time = time.time() + self._timeout\n        while True:\n            try:\n                value = method(self._driver)\n                if value:\n                    return value\n            except self._ignored_exceptions as exc:\n                screen = getattr(exc, 'screen', None)\n                stacktrace = getattr(exc, 'stacktrace', None)\n            time.sleep(self._poll)\n            if time.time() > end_time:\n                break\n>       raise TimeoutException(message, screen, stacktrace)\nE       selenium.common.exceptions.TimeoutException: Message:\n\n/opt/hostedtoolcache/Python/3.9.5/x64/lib/python3.9/site-packages/selenium/webdriver/support/wait.py:80: TimeoutException","flaky":false,"newFailed":false,"newBroken":false,"newPassed":false,"retriesCount":0,"retriesStatusChange":false,"beforeStages":[{"name":"_xunit_setup_method_fixture_TestConduit","time":{"start":1654090761548,"stop":1654090763251,"duration":1703},"status":"passed","steps":[],"attachments":[],"parameters":[],"stepsCount":0,"attachmentsCount":0,"shouldDisplayMessage":false,"hasContent":false}],"testStage":{"status":"broken","statusMessage":"selenium.common.exceptions.TimeoutException: Message:","statusTrace":"self = <test_conduit.TestConduit object at 0x7f054e8ee520>\n\n    def test_login(self):\n        login(self.browser, test_data['valid_email'], test_data['valid_password'])\n>       profile_btn = WebDriverWait(self.browser, 30).until(\n            EC.presence_of_element_located((By.XPATH, '//a[@href=\"#/@hzoltan/\" and @class=\"nav-link\"]')))\n\nTest_Conduit/test_conduit.py:40: \n_ _ _ _ _ _ _ _ _ _ _ _ _ _ _ _ _ _ _ _ _ _ _ _ _ _ _ _ _ _ _ _ _ _ _ _ _ _ _ _ \n\nself = <selenium.webdriver.support.wait.WebDriverWait (session=\"c50466300b3a3b4ebb1e78a6a9c4a057\")>\nmethod = <selenium.webdriver.support.expected_conditions.presence_of_element_located object at 0x7f054e19ab50>\nmessage = ''\n\n    def until(self, method, message=''):\n        \"\"\"Calls the method provided with the driver as an argument until the \\\n        return value is not False.\"\"\"\n        screen = None\n        stacktrace = None\n    \n        end_time = time.time() + self._timeout\n        while True:\n            try:\n                value = method(self._driver)\n                if value:\n                    return value\n            except self._ignored_exceptions as exc:\n                screen = getattr(exc, 'screen', None)\n                stacktrace = getattr(exc, 'stacktrace', None)\n            time.sleep(self._poll)\n            if time.time() > end_time:\n                break\n>       raise TimeoutException(message, screen, stacktrace)\nE       selenium.common.exceptions.TimeoutException: Message:\n\n/opt/hostedtoolcache/Python/3.9.5/x64/lib/python3.9/site-packages/selenium/webdriver/support/wait.py:80: TimeoutException","steps":[],"attachments":[{"uid":"d88d217bc99bfa1e","name":"log","source":"d88d217bc99bfa1e.txt","type":"text/plain","size":338},{"uid":"84deee975a393390","name":"stdout","source":"84deee975a393390.txt","type":"text/plain","size":1},{"uid":"9004a766b5bbc02","name":"stderr","source":"9004a766b5bbc02.txt","type":"text/plain","size":267}],"parameters":[],"stepsCount":0,"attachmentsCount":3,"shouldDisplayMessage":true,"hasContent":true},"afterStages":[{"name":"_xunit_setup_method_fixture_TestConduit::0","time":{"start":1654090793936,"stop":1654090793993,"duration":57},"status":"passed","steps":[],"attachments":[],"parameters":[],"stepsCount":0,"attachmentsCount":0,"shouldDisplayMessage":false,"hasContent":false}],"labels":[{"name":"parentSuite","value":"Test_Conduit"},{"name":"suite","value":"test_conduit"},{"name":"subSuite","value":"TestConduit"},{"name":"host","value":"fv-az177-637"},{"name":"thread","value":"3179-MainThread"},{"name":"framework","value":"pytest"},{"name":"language","value":"cpython3"},{"name":"package","value":"Test_Conduit.test_conduit"},{"name":"resultFormat","value":"allure2"}],"parameters":[],"links":[],"hidden":false,"retry":false,"extra":{"severity":"normal","retries":[],"categories":[{"name":"Test defects","matchedStatuses":[],"flaky":false}],"tags":[]},"source":"815a18046af9ac83.json","parameterValues":[]}